<?xml version="1.0" encoding="UTF-8"?>
<testsuite xmlns:xsi="http://www.w3.org/2001/XMLSchema-instance" xsi:noNamespaceSchemaLocation="https://maven.apache.org/surefire/maven-surefire-plugin/xsd/surefire-test-report-3.0.xsd" version="3.0" name="pl.edu.pw.zpoif.exchangeit.repository.UserAssetsRepositoryTests" time="0.1" tests="7" errors="1" skipped="0" failures="3">
  <properties>
[...]
</properties>
  <testcase name="testSaveUserAssets" classname="pl.edu.pw.zpoif.exchangeit.repository.UserAssetsRepositoryTests" time="0.013">
    <system-out><![CDATA[2024-01-14T13:09:09.745+01:00  INFO 6663 --- [           main] t.c.s.AnnotationConfigContextLoaderUtils : Could not detect default configuration classes for test class [pl.edu.pw.zpoif.exchangeit.repository.UserAssetsRepositoryTests]: UserAssetsRepositoryTests does not declare any static, non-private, non-final, nested classes annotated with @Configuration.
2024-01-14T13:09:09.755+01:00  INFO 6663 --- [           main] .b.t.c.SpringBootTestContextBootstrapper : Found @SpringBootConfiguration pl.edu.pw.zpoif.exchangeit.ExchangeitApplication for test class pl.edu.pw.zpoif.exchangeit.repository.UserAssetsRepositoryTests
Hibernate: 
    insert 
    into
        users_assets
        (quantity, share_price_usd, symbol, total_usd, user_id) 
    values
        (?, ?, ?, ?, ?)
]]></system-out>
  </testcase>
  <testcase name="testFindBySymbol" classname="pl.edu.pw.zpoif.exchangeit.repository.UserAssetsRepositoryTests" time="0.013">
    <error message="Query did not return a unique result: 4 results were returned" type="org.springframework.dao.IncorrectResultSizeDataAccessException"><![CDATA[org.springframework.dao.IncorrectResultSizeDataAccessException: Query did not return a unique result: 4 results were returned
	at org.springframework.orm.jpa.vendor.HibernateJpaDialect.convertHibernateAccessException(HibernateJpaDialect.java:301)
	at org.springframework.orm.jpa.vendor.HibernateJpaDialect.translateExceptionIfPossible(HibernateJpaDialect.java:244)
	at org.springframework.orm.jpa.AbstractEntityManagerFactoryBean.translateExceptionIfPossible(AbstractEntityManagerFactoryBean.java:550)
	at org.springframework.dao.support.ChainedPersistenceExceptionTranslator.translateExceptionIfPossible(ChainedPersistenceExceptionTranslator.java:61)
	at org.springframework.dao.support.DataAccessUtils.translateIfNecessary(DataAccessUtils.java:335)
	at org.springframework.dao.support.PersistenceExceptionTranslationInterceptor.invoke(PersistenceExceptionTranslationInterceptor.java:152)
	at org.springframework.aop.framework.ReflectiveMethodInvocation.proceed(ReflectiveMethodInvocation.java:184)
	at org.springframework.data.jpa.repository.support.CrudMethodMetadataPostProcessor$CrudMethodMetadataPopulatingMethodInterceptor.invoke(CrudMethodMetadataPostProcessor.java:135)
	at org.springframework.aop.framework.ReflectiveMethodInvocation.proceed(ReflectiveMethodInvocation.java:184)
	at org.springframework.aop.interceptor.ExposeInvocationInterceptor.invoke(ExposeInvocationInterceptor.java:97)
	at org.springframework.aop.framework.ReflectiveMethodInvocation.proceed(ReflectiveMethodInvocation.java:184)
	at org.springframework.aop.framework.JdkDynamicAopProxy.invoke(JdkDynamicAopProxy.java:249)
	at jdk.proxy2/jdk.proxy2.$Proxy120.findBySymbol(Unknown Source)
	at pl.edu.pw.zpoif.exchangeit.repository.UserAssetsRepositoryTests.testFindBySymbol(UserAssetsRepositoryTests.java:116)
	at java.base/java.lang.reflect.Method.invoke(Method.java:578)
	at java.base/java.util.ArrayList.forEach(ArrayList.java:1511)
	at java.base/java.util.ArrayList.forEach(ArrayList.java:1511)
Caused by: org.hibernate.NonUniqueResultException: Query did not return a unique result: 4 results were returned
	at org.hibernate.query.spi.AbstractSelectionQuery.uniqueElement(AbstractSelectionQuery.java:586)
	at org.hibernate.query.spi.AbstractSelectionQuery.getSingleResult(AbstractSelectionQuery.java:570)
	at org.springframework.data.jpa.repository.query.JpaQueryExecution$SingleEntityExecution.doExecute(JpaQueryExecution.java:223)
	at org.springframework.data.jpa.repository.query.JpaQueryExecution.execute(JpaQueryExecution.java:92)
	at org.springframework.data.jpa.repository.query.AbstractJpaQuery.doExecute(AbstractJpaQuery.java:149)
	at org.springframework.data.jpa.repository.query.AbstractJpaQuery.execute(AbstractJpaQuery.java:137)
	at org.springframework.data.repository.core.support.RepositoryMethodInvoker.doInvoke(RepositoryMethodInvoker.java:170)
	at org.springframework.data.repository.core.support.RepositoryMethodInvoker.invoke(RepositoryMethodInvoker.java:158)
	at org.springframework.data.repository.core.support.QueryExecutorMethodInterceptor.doInvoke(QueryExecutorMethodInterceptor.java:164)
	at org.springframework.data.repository.core.support.QueryExecutorMethodInterceptor.invoke(QueryExecutorMethodInterceptor.java:143)
	at org.springframework.aop.framework.ReflectiveMethodInvocation.proceed(ReflectiveMethodInvocation.java:184)
	at org.springframework.data.projection.DefaultMethodInvokingMethodInterceptor.invoke(DefaultMethodInvokingMethodInterceptor.java:70)
	at org.springframework.aop.framework.ReflectiveMethodInvocation.proceed(ReflectiveMethodInvocation.java:184)
	at org.springframework.transaction.interceptor.TransactionInterceptor$1.proceedWithInvocation(TransactionInterceptor.java:123)
	at org.springframework.transaction.interceptor.TransactionAspectSupport.invokeWithinTransaction(TransactionAspectSupport.java:385)
	at org.springframework.transaction.interceptor.TransactionInterceptor.invoke(TransactionInterceptor.java:119)
	at org.springframework.aop.framework.ReflectiveMethodInvocation.proceed(ReflectiveMethodInvocation.java:184)
	at org.springframework.dao.support.PersistenceExceptionTranslationInterceptor.invoke(PersistenceExceptionTranslationInterceptor.java:137)
	... 11 more
]]></error>
    <system-out><![CDATA[Hibernate: 
    insert 
    into
        users_assets
        (quantity, share_price_usd, symbol, total_usd, user_id) 
    values
        (?, ?, ?, ?, ?)
Hibernate: 
    select
        ua1_0.id,
        ua1_0.quantity,
        ua1_0.share_price_usd,
        ua1_0.symbol,
        ua1_0.total_usd,
        ua1_0.user_id 
    from
        users_assets ua1_0 
    where
        ua1_0.symbol=? 
        and ua1_0.user_id=?
]]></system-out>
  </testcase>
  <testcase name="testDeleteUserAssets" classname="pl.edu.pw.zpoif.exchangeit.repository.UserAssetsRepositoryTests" time="0.006">
    <system-out><![CDATA[Hibernate: 
    insert 
    into
        users_assets
        (quantity, share_price_usd, symbol, total_usd, user_id) 
    values
        (?, ?, ?, ?, ?)
Hibernate: 
    delete 
    from
        users_assets 
    where
        id=?
]]></system-out>
  </testcase>
  <testcase name="testFindAllByUserId" classname="pl.edu.pw.zpoif.exchangeit.repository.UserAssetsRepositoryTests" time="0.019">
    <failure message="&#10;Expected size:&lt;1&gt; but was:&lt;8&gt; in:&#10;&lt;[pl.edu.pw.zpoif.exchangeit.model.user.UserAssets@5ccc07ae,&#10;    pl.edu.pw.zpoif.exchangeit.model.user.UserAssets@1c7da28,&#10;    pl.edu.pw.zpoif.exchangeit.model.user.UserAssets@27bfa57f,&#10;    pl.edu.pw.zpoif.exchangeit.model.user.UserAssets@39b50027,&#10;    pl.edu.pw.zpoif.exchangeit.model.user.UserAssets@24c4370a,&#10;    pl.edu.pw.zpoif.exchangeit.model.user.UserAssets@1b6daf20,&#10;    pl.edu.pw.zpoif.exchangeit.model.user.UserAssets@41a3656f,&#10;    pl.edu.pw.zpoif.exchangeit.model.user.UserAssets@5086e144]&gt;" type="java.lang.AssertionError"><![CDATA[java.lang.AssertionError: 

Expected size:<1> but was:<8> in:
<[pl.edu.pw.zpoif.exchangeit.model.user.UserAssets@5ccc07ae,
    pl.edu.pw.zpoif.exchangeit.model.user.UserAssets@1c7da28,
    pl.edu.pw.zpoif.exchangeit.model.user.UserAssets@27bfa57f,
    pl.edu.pw.zpoif.exchangeit.model.user.UserAssets@39b50027,
    pl.edu.pw.zpoif.exchangeit.model.user.UserAssets@24c4370a,
    pl.edu.pw.zpoif.exchangeit.model.user.UserAssets@1b6daf20,
    pl.edu.pw.zpoif.exchangeit.model.user.UserAssets@41a3656f,
    pl.edu.pw.zpoif.exchangeit.model.user.UserAssets@5086e144]>
	at pl.edu.pw.zpoif.exchangeit.repository.UserAssetsRepositoryTests.testFindAllByUserId(UserAssetsRepositoryTests.java:102)
	at java.base/java.lang.reflect.Method.invoke(Method.java:578)
	at java.base/java.util.ArrayList.forEach(ArrayList.java:1511)
	at java.base/java.util.ArrayList.forEach(ArrayList.java:1511)
]]></failure>
    <system-out><![CDATA[Hibernate: 
    select
        ua1_0.id,
        ua1_0.quantity,
        ua1_0.share_price_usd,
        ua1_0.symbol,
        ua1_0.total_usd,
        ua1_0.user_id 
    from
        users_assets ua1_0 
    where
        ua1_0.id=?
Hibernate: 
    select
        ua1_0.id,
        ua1_0.quantity,
        ua1_0.share_price_usd,
        ua1_0.symbol,
        ua1_0.total_usd,
        ua1_0.user_id 
    from
        users_assets ua1_0 
    where
        ua1_0.id=?
Hibernate: 
    select
        ua1_0.id,
        ua1_0.quantity,
        ua1_0.share_price_usd,
        ua1_0.symbol,
        ua1_0.total_usd,
        ua1_0.user_id 
    from
        users_assets ua1_0 
    where
        ua1_0.user_id=?
]]></system-out>
  </testcase>
  <testcase name="testUpdateUserAssets" classname="pl.edu.pw.zpoif.exchangeit.repository.UserAssetsRepositoryTests" time="0.006">
    <system-out><![CDATA[Hibernate: 
    insert 
    into
        users_assets
        (quantity, share_price_usd, symbol, total_usd, user_id) 
    values
        (?, ?, ?, ?, ?)
Hibernate: 
    update
        users_assets 
    set
        quantity=?,
        share_price_usd=?,
        symbol=?,
        total_usd=?,
        user_id=? 
    where
        id=?
]]></system-out>
  </testcase>
  <testcase name="testUpdateUserAssetsBuySell" classname="pl.edu.pw.zpoif.exchangeit.repository.UserAssetsRepositoryTests" time="0.014">
    <failure message="&#10;Expecting:&#10; &lt;16042.0&gt;&#10;to be equal to:&#10; &lt;3500.0&gt;&#10;but was not." type="org.opentest4j.AssertionFailedError"><![CDATA[org.opentest4j.AssertionFailedError: 

Expecting:
 <16042.0>
to be equal to:
 <3500.0>
but was not.
	at java.base/jdk.internal.reflect.DirectConstructorHandleAccessor.newInstance(DirectConstructorHandleAccessor.java:67)
	at java.base/java.lang.reflect.Constructor.newInstanceWithCaller(Constructor.java:500)
	at pl.edu.pw.zpoif.exchangeit.repository.UserAssetsRepositoryTests.testUpdateUserAssetsBuySell(UserAssetsRepositoryTests.java:144)
	at java.base/java.lang.reflect.Method.invoke(Method.java:578)
	at java.base/java.util.ArrayList.forEach(ArrayList.java:1511)
	at java.base/java.util.ArrayList.forEach(ArrayList.java:1511)
]]></failure>
    <system-out><![CDATA[Hibernate: 
    insert 
    into
        users_assets
        (quantity, share_price_usd, symbol, total_usd, user_id) 
    values
        (?, ?, ?, ?, ?)
Hibernate: 
    insert 
    into
        users_assets
        (quantity, share_price_usd, symbol, total_usd, user_id) 
    values
        (?, ?, ?, ?, ?)
Hibernate: 
    update
        users_assets 
    set
        quantity=?,
        total_usd=?,
        share_price_usd=? 
    where
        symbol=? 
        and user_id=?
Hibernate: 
    select
        sum(ua1_0.total_usd) 
    from
        users_assets ua1_0 
    where
        ua1_0.user_id=?
]]></system-out>
  </testcase>
  <testcase name="testGetTotalAssetsValue" classname="pl.edu.pw.zpoif.exchangeit.repository.UserAssetsRepositoryTests" time="0.006">
    <failure message="&#10;Expecting:&#10; &lt;19042.0&gt;&#10;to be equal to:&#10; &lt;3000.0&gt;&#10;but was not." type="org.opentest4j.AssertionFailedError"><![CDATA[org.opentest4j.AssertionFailedError: 

Expecting:
 <19042.0>
to be equal to:
 <3000.0>
but was not.
	at java.base/jdk.internal.reflect.DirectConstructorHandleAccessor.newInstance(DirectConstructorHandleAccessor.java:67)
	at java.base/java.lang.reflect.Constructor.newInstanceWithCaller(Constructor.java:500)
	at pl.edu.pw.zpoif.exchangeit.repository.UserAssetsRepositoryTests.testGetTotalAssetsValue(UserAssetsRepositoryTests.java:166)
	at java.base/java.lang.reflect.Method.invoke(Method.java:578)
	at java.base/java.util.ArrayList.forEach(ArrayList.java:1511)
	at java.base/java.util.ArrayList.forEach(ArrayList.java:1511)
]]></failure>
    <system-out><![CDATA[Hibernate: 
    insert 
    into
        users_assets
        (quantity, share_price_usd, symbol, total_usd, user_id) 
    values
        (?, ?, ?, ?, ?)
Hibernate: 
    insert 
    into
        users_assets
        (quantity, share_price_usd, symbol, total_usd, user_id) 
    values
        (?, ?, ?, ?, ?)
Hibernate: 
    select
        sum(ua1_0.total_usd) 
    from
        users_assets ua1_0 
    where
        ua1_0.user_id=?
]]></system-out>
  </testcase>
</testsuite>